15:13:19 **** Incremental Build of configuration Debug for project objects ****
make all 
Building file: ../amicable/amicable.cpp
Invoking: GCC C++ Compiler
g++ -O0 -g3 -Wall -c -fmessage-length=0 -MMD -MP -MF"amicable/amicable.d" -MT"amicable/amicable.d" -o "amicable/amicable.o" "../amicable/amicable.cpp"
In file included from ../amicable/amicable.cpp:8:
In file included from ../amicable/amicable.h:1:
../amicable/../util/util.h:53:29: warning: deleted function definitions are a C++11 extension [-Wc++11-extensions]
  Random(const Random& x) = delete;
                            ^
../amicable/../util/util.h:54:40: warning: deleted function definitions are a C++11 extension [-Wc++11-extensions]
  Random& operator=(const Random& x) = delete;
                                       ^
../amicable/../util/util.h:48:14: warning: variable 'lower_bound' is used uninitialized whenever 'if' condition is false [-Wsometimes-uninitialized]
    else if (a >= b) { upper_bound = a - b; lower_bound = b; }
             ^~~~~~
../amicable/../util/util.h:50:12: note: uninitialized use occurs here
    return(lower_bound + rand() % upper_bound);
           ^~~~~~~~~~~
../amicable/../util/util.h:48:10: note: remove the 'if' if its condition is always true
    else if (a >= b) { upper_bound = a - b; lower_bound = b; }
         ^~~~~~~~~~~~
../amicable/../util/util.h:46:33: note: initialize the variable 'lower_bound' to silence this warning
    int upper_bound, lower_bound;
                                ^
                                 = 0
../amicable/../util/util.h:48:14: warning: variable 'upper_bound' is used uninitialized whenever 'if' condition is false [-Wsometimes-uninitialized]
    else if (a >= b) { upper_bound = a - b; lower_bound = b; }
             ^~~~~~
../amicable/../util/util.h:50:35: note: uninitialized use occurs here
    return(lower_bound + rand() % upper_bound);
                                  ^~~~~~~~~~~
../amicable/../util/util.h:48:10: note: remove the 'if' if its condition is always true
    else if (a >= b) { upper_bound = a - b; lower_bound = b; }
         ^~~~~~~~~~~~
../amicable/../util/util.h:46:20: note: initialize the variable 'upper_bound' to silence this warning
    int upper_bound, lower_bound;
                   ^
                    = 0
4 warnings generated.
Finished building: ../amicable/amicable.cpp
 
Building target: objects
Invoking: MacOS X C++ Linker
g++  -o "objects"  ./util/util.o  ./truthtable/truthtable.o ./truthtable/truthtabletest.o  ./amicable/amicable.o ./amicable/amicabletest.o   
duplicate symbol _main in:
    ./truthtable/truthtabletest.o
    ./amicable/amicabletest.o
ld: 1 duplicate symbol for architecture x86_64
clang: error: linker command failed with exit code 1 (use -v to see invocation)
make: *** [objects] Error 1

15:13:20 Build Finished (took 587ms)

